2022-08-12 00:21:28 INFO  LoginPageTest:30 - ******** Starting test cases execution  *********
  2022-08-12 00:21:54 INFO  LoginPageTest:64 - login successful with username: ashishkumarvish.432@gmail.com
  2022-08-12 00:21:54 INFO  LoginPageTest:30 - ******** Starting test cases execution  *********
  2022-08-12 00:22:36 INFO  LoginPageTest:64 - login successful with username: ashish23@gmail.com
  2022-08-12 00:22:36 INFO  LoginPageTest:30 - ******** Starting test cases execution  *********
  2022-08-12 00:23:04 INFO  LoginPageTest:64 - login successful with username: ash234@gmail.com
  2022-08-12 08:26:58 INFO  LoginPageTest:30 - ******** Starting test cases execution  *********
  2022-08-12 11:25:55 INFO  LoginPageTest:30 - ******** Starting test cases execution  *********
  2022-08-12 11:26:26 INFO  LoginPageTest:64 - login successful with username: ashishkumarvish.432@gmail.com
  2022-08-12 11:26:26 INFO  LoginPageTest:30 - ******** Starting test cases execution  *********
  2022-08-12 11:26:54 INFO  LoginPageTest:64 - login successful with username: ashish23@gmail.com
  2022-08-12 11:26:54 INFO  LoginPageTest:30 - ******** Starting test cases execution  *********
  2022-08-12 11:27:30 INFO  LoginPageTest:64 - login successful with username: ash234@gmail.com
  2022-08-12 23:20:04 INFO  LoginPageTest:30 - ******** Starting test cases execution  *********
  2022-08-13 14:19:14 INFO  LoginPageTest:30 - ******** Starting test cases execution  *********
  2022-08-13 14:19:14 INFO  LoginPageTest:30 - ******** Starting test cases execution  *********
  2022-08-13 14:20:54 INFO  LoginPageTest:30 - ******** Starting test cases execution  *********
  2022-08-14 20:20:29 INFO  LoginPageTest:30 - ******** Starting test cases execution  *********
  2022-08-14 20:21:19 INFO  LoginPageTest:64 - login successful with username: ashishkumarvish.432@gmail.com
  2022-08-14 20:21:19 INFO  LoginPageTest:30 - ******** Starting test cases execution  *********
  2022-08-14 20:22:00 INFO  LoginPageTest:64 - login successful with username: ashish23@gmail.com
  2022-08-14 20:22:00 INFO  LoginPageTest:30 - ******** Starting test cases execution  *********
  2022-08-14 20:22:53 INFO  LoginPageTest:64 - login successful with username: ash234@gmail.com
  2022-08-15 16:32:00 INFO  LoginPageTest:30 - ******** Starting test cases execution  *********
  2022-08-15 16:33:14 INFO  LoginPageTest:30 - ******** Starting test cases execution  *********
  2022-08-15 16:33:46 INFO  LoginPageTest:30 - ******** Starting test cases execution  *********
  2022-08-15 16:35:38 INFO  LoginPageTest:30 - ******** Starting test cases execution  *********
  2022-08-15 16:37:01 INFO  LoginPageTest:64 - login successful with username: ashishkumarvish.432@gmail.com
  2022-08-15 16:37:02 INFO  LoginPageTest:30 - ******** Starting test cases execution  *********
  2022-08-17 10:32:08 INFO  LoginPageTest:30 - ******** Starting test cases execution  *********
  2022-08-17 13:06:34 INFO  LoginPageTest:30 - ******** Starting test cases execution  *********
  2022-08-17 13:07:21 INFO  LoginPageTest:30 - ******** Starting test cases execution  *********
  2022-08-17 13:07:41 INFO  LoginPageTest:30 - ******** Starting test cases execution  *********
  2022-08-17 13:08:28 INFO  LoginPageTest:30 - ******** Starting test cases execution  *********
  2022-08-17 13:09:18 INFO  LoginPageTest:64 - login successful with username: ashishkumarvish.432@gmail.com
  2022-08-17 13:09:18 INFO  LoginPageTest:30 - ******** Starting test cases execution  *********
  2022-08-17 13:10:01 INFO  LoginPageTest:64 - login successful with username: ashish23@gmail.com
  2022-08-17 13:10:01 INFO  LoginPageTest:30 - ******** Starting test cases execution  *********
  2022-08-17 13:10:29 INFO  LoginPageTest:64 - login successful with username: ash234@gmail.com
  2022-08-18 14:54:43 INFO  LoginPageTest:30 - ******** Starting test cases execution  *********
  2022-08-18 14:55:25 INFO  LoginPageTest:30 - ******** Starting test cases execution  *********
  2022-08-18 14:56:22 INFO  LoginPageTest:30 - ******** Starting test cases execution  *********
  2022-08-18 14:57:41 INFO  LoginPageTest:30 - ******** Starting test cases execution  *********
  2022-08-18 14:58:33 INFO  LoginPageTest:64 - login successful with username: ashishkumarvish.432@gmail.com
  2022-08-18 14:58:34 INFO  LoginPageTest:30 - ******** Starting test cases execution  *********
  2022-08-18 14:59:42 INFO  LoginPageTest:64 - login successful with username: ashish23@gmail.com
  2022-08-18 14:59:42 INFO  LoginPageTest:30 - ******** Starting test cases execution  *********
  2022-08-18 15:00:38 INFO  LoginPageTest:64 - login successful with username: ash234@gmail.com
  2022-08-19 09:32:40 INFO  LoginPageTest:30 - ******** Starting test cases execution  *********
  2022-08-19 09:33:40 INFO  LoginPageTest:30 - ******** Starting test cases execution  *********
  2022-08-19 09:58:58 INFO  LoginPageTest:30 - ******** Starting test cases execution  *********
  2022-08-19 16:06:16 INFO  LoginPageTest:30 - ******** Starting test cases execution  *********
  2022-08-19 16:06:35 INFO  LoginPageTest:30 - ******** Starting test cases execution  *********
  2022-08-19 16:07:02 INFO  LoginPageTest:30 - ******** Starting test cases execution  *********
  2022-08-19 16:07:44 INFO  LoginPageTest:30 - ******** Starting test cases execution  *********
  2022-08-19 16:08:19 INFO  LoginPageTest:64 - login successful with username: ashishkumarvish.432@gmail.com
  2022-08-19 16:08:19 INFO  LoginPageTest:30 - ******** Starting test cases execution  *********
  